gcc -fPIC -D__x86_64__ -DBYTESWAP -DpgiFortran -DSTNDALN=1 -DBYTEORDER=0 -DGRADS_CRAY=0 -DHAVE_QL -DHAVE_PP -DPACKAGE_NAME=\"\" -DPACKAGE_TARNAME=\"\" -DPACKAGE_VERSION=\"\" -DPACKAGE_STRING=\"\" -DPACKAGE_BUGREPORT=\"\" -DOS_NAME=Linux -DOS_MAJOR=2 -DSTDC_HEADERS=1 -DHAVE_SYS_TYPES_H=1 -DHAVE_SYS_STAT_H=1 -DHAVE_STDLIB_H=1 -DHAVE_STRING_H=1 -DHAVE_MEMORY_H=1 -DHAVE_STRINGS_H=1 -DHAVE_INTTYPES_H=1 -DHAVE_STDINT_H=1 -DHAVE_UNISTD_H=1 -I../../include -I/usr/local/include -I -I/usr/local/include -g -O2 -O -Dgrads -c cdunifgrads.c
In file included from cdunifgrads.c:70:
../../include/grads.h:8:20: error: gabufr.h: No such file or directory
In file included from cdunifgrads.c:70:
../../include/grads.h:56: error: expected specifier-qualifier-list before ‘gaint’
../../include/grads.h:81: error: expected specifier-qualifier-list before ‘gaint’
../../include/grads.h:96: error: expected specifier-qualifier-list before ‘gadouble’
../../include/grads.h:302: error: expected specifier-qualifier-list before ‘gaint’
../../include/grads.h:310: error: expected specifier-qualifier-list before ‘gaint’
../../include/grads.h:325: error: expected specifier-qualifier-list before ‘gadouble’
../../include/grads.h:336: error: expected specifier-qualifier-list before ‘gaint’
../../include/grads.h:474: error: expected specifier-qualifier-list before ‘gadouble’
../../include/grads.h:537: error: expected specifier-qualifier-list before ‘gaint’
../../include/grads.h:555: error: expected specifier-qualifier-list before ‘gaint’
../../include/grads.h:565: error: expected specifier-qualifier-list before ‘gaint’
../../include/grads.h:585: error: expected specifier-qualifier-list before ‘gafloat’
../../include/grads.h:595: error: expected specifier-qualifier-list before ‘gaint’
../../include/grads.h:603: error: expected specifier-qualifier-list before ‘gadouble’
../../include/grads.h:612: error: expected specifier-qualifier-list before ‘gaint’
../../include/grads.h:655: error: expected specifier-qualifier-list before ‘gadouble’
../../include/grads.h:690: error: expected specifier-qualifier-list before ‘gaint’
../../include/grads.h:699: error: expected specifier-qualifier-list before ‘gaint’
../../include/grads.h:717: error: expected specifier-qualifier-list before ‘gaint’
../../include/grads.h:731: error: expected specifier-qualifier-list before ‘gaint’
../../include/grads.h:742: error: expected specifier-qualifier-list before ‘gaint’
../../include/grads.h:802: warning: parameter names (without types) in function declaration
../../include/grads.h:803: error: expected ‘=’, ‘,’, ‘;’, ‘asm’ or ‘__attribute__’ before ‘gaqsig’
../../include/grads.h:827: error: expected ‘=’, ‘,’, ‘;’, ‘asm’ or ‘__attribute__’ before ‘qcachesf’
../../include/grads.h:829: error: expected ‘=’, ‘,’, ‘;’, ‘asm’ or ‘__attribute__’ before ‘gacmd’
../../include/grads.h:830: error: expected declaration specifiers or ‘...’ before ‘gaint’
../../include/grads.h:831: error: expected ‘=’, ‘,’, ‘;’, ‘asm’ or ‘__attribute__’ before ‘gaenab’
../../include/grads.h:832: error: expected ‘=’, ‘,’, ‘;’, ‘asm’ or ‘__attribute__’ before ‘gadraw’
../../include/grads.h:833: error: expected ‘=’, ‘,’, ‘;’, ‘asm’ or ‘__attribute__’ before ‘gardrw’
../../include/grads.h:834: error: expected ‘=’, ‘,’, ‘;’, ‘asm’ or ‘__attribute__’ before ‘gaexec’
../../include/grads.h:835: error: expected declaration specifiers or ‘...’ before ‘gaint’
../../include/grads.h:836: error: expected ‘=’, ‘,’, ‘;’, ‘asm’ or ‘__attribute__’ before ‘gadef’
../../include/grads.h:837: error: expected ‘=’, ‘,’, ‘;’, ‘asm’ or ‘__attribute__’ before ‘gaudef’
../../include/grads.h:838: error: expected ‘=’, ‘,’, ‘;’, ‘asm’ or ‘__attribute__’ before ‘gamodf’
../../include/grads.h:839: error: expected ‘=’, ‘,’, ‘;’, ‘asm’ or ‘__attribute__’ before ‘gaqdef’
../../include/grads.h:840: error: expected ‘=’, ‘,’, ‘;’, ‘asm’ or ‘__attribute__’ before ‘gaqury’
../../include/grads.h:841: error: expected ‘=’, ‘,’, ‘;’, ‘asm’ or ‘__attribute__’ before ‘gahelp’
../../include/grads.h:842: error: expected ‘=’, ‘,’, ‘;’, ‘asm’ or ‘__attribute__’ before ‘gaset’
../../include/grads.h:844: error: expected ‘=’, ‘,’, ‘;’, ‘asm’ or ‘__attribute__’ before ‘gacoll’
../../include/grads.h:845: error: expected ‘=’, ‘,’, ‘;’, ‘asm’ or ‘__attribute__’ before ‘gadspl’
../../include/grads.h:846: error: expected ‘=’, ‘,’, ‘;’, ‘asm’ or ‘__attribute__’ before ‘gaspcl’
../../include/grads.h:847: error: expected ‘=’, ‘,’, ‘;’, ‘asm’ or ‘__attribute__’ before ‘gapars’
../../include/grads.h:849: error: expected ‘=’, ‘,’, ‘;’, ‘asm’ or ‘__attribute__’ before ‘gaopen’
../../include/grads.h:853: error: expected ‘)’ before ‘char’
../../include/grads.h:854: error: expected ‘=’, ‘,’, ‘;’, ‘asm’ or ‘__attribute__’ before ‘prntgaattr’
../../include/grads.h:858: error: expected ‘=’, ‘,’, ‘;’, ‘asm’ or ‘__attribute__’ before ‘ncwrite’
../../include/grads.h:859: error: expected ‘=’, ‘,’, ‘;’, ‘asm’ or ‘__attribute__’ before ‘sdfwatt’
../../include/grads.h:860: error: expected ‘=’, ‘,’, ‘;’, ‘asm’ or ‘__attribute__’ before ‘sdfwdim’
../../include/grads.h:861: error: expected ‘=’, ‘,’, ‘;’, ‘asm’ or ‘__attribute__’ before ‘sdfdefdim’
../../include/grads.h:863: error: expected ‘=’, ‘,’, ‘;’, ‘asm’ or ‘__attribute__’ before ‘gaddes’
../../include/grads.h:864: error: expected ‘=’, ‘,’, ‘;’, ‘asm’ or ‘__attribute__’ before ‘deflin’
../../include/grads.h:865: error: expected ‘=’, ‘,’, ‘;’, ‘asm’ or ‘__attribute__’ before ‘deflev’
../../include/grads.h:866: error: expected ‘=’, ‘,’, ‘;’, ‘asm’ or ‘__attribute__’ before ‘ddfattr’
../../include/grads.h:869: error: expected declaration specifiers or ‘...’ before ‘gaint’
../../include/grads.h:884: error: expected ‘=’, ‘,’, ‘;’, ‘asm’ or ‘__attribute__’ before ‘gaexpr’
../../include/grads.h:885: error: expected ‘=’, ‘,’, ‘;’, ‘asm’ or ‘__attribute__’ before ‘eval’
../../include/grads.h:886: error: expected ‘=’, ‘,’, ‘;’, ‘asm’ or ‘__attribute__’ before ‘gaoper’
../../include/grads.h:887: error: expected declaration specifiers or ‘...’ before ‘gaint’
../../include/grads.h:887: error: expected declaration specifiers or ‘...’ before ‘gaint’
../../include/grads.h:888: error: expected declaration specifiers or ‘...’ before ‘gaint’
../../include/grads.h:888: error: expected declaration specifiers or ‘...’ before ‘gaint’
../../include/grads.h:889: error: expected declaration specifiers or ‘...’ before ‘gadouble’
../../include/grads.h:889: error: expected declaration specifiers or ‘...’ before ‘gaint’
../../include/grads.h:889: error: expected declaration specifiers or ‘...’ before ‘gaint’
../../include/grads.h:890: warning: parameter names (without types) in function declaration
../../include/grads.h:892: error: expected ‘=’, ‘,’, ‘;’, ‘asm’ or ‘__attribute__’ before ‘gagchk’
../../include/grads.h:904: error: expected ‘=’, ‘,’, ‘;’, ‘asm’ or ‘__attribute__’ before ‘gafopr’
../../include/grads.h:930: error: expected ‘=’, ‘,’, ‘;’, ‘asm’ or ‘__attribute__’ before ‘gaggrd’
../../include/grads.h:931: error: expected ‘=’, ‘,’, ‘;’, ‘asm’ or ‘__attribute__’ before ‘gagrow’
../../include/grads.h:932: warning: parameter names (without types) in function declaration
../../include/grads.h:933: error: expected ‘=’, ‘,’, ‘;’, ‘asm’ or ‘__attribute__’ before ‘garrow’
../../include/grads.h:934: error: expected ‘=’, ‘,’, ‘;’, ‘asm’ or ‘__attribute__’ before ‘gagstn’
../../include/grads.h:935: error: expected ‘=’, ‘,’, ‘;’, ‘asm’ or ‘__attribute__’ before ‘gaglvs’
../../include/grads.h:937: error: expected ‘=’, ‘,’, ‘;’, ‘asm’ or ‘__attribute__’ before ‘gasstn’
../../include/grads.h:938: error: expected ‘=’, ‘,’, ‘;’, ‘asm’ or ‘__attribute__’ before ‘garstn’
../../include/grads.h:939: error: expected declaration specifiers or ‘...’ before ‘gaint’
../../include/grads.h:939: error: expected declaration specifiers or ‘...’ before ‘gaint’
../../include/grads.h:940: error: expected ‘)’ before ‘char’
../../include/grads.h:941: error: expected ‘=’, ‘,’, ‘;’, ‘asm’ or ‘__attribute__’ before ‘gagdef’
../../include/grads.h:942: error: expected ‘)’ before ‘*’ token
../../include/grads.h:943: error: expected ‘=’, ‘,’, ‘;’, ‘asm’ or ‘__attribute__’ before ‘gagpre’
../../include/grads.h:944: error: expected ‘=’, ‘,’, ‘;’, ‘asm’ or ‘__attribute__’ before ‘gairow’
../../include/grads.h:945: error: expected ‘=’, ‘,’, ‘;’, ‘asm’ or ‘__attribute__’ before ‘gaird’
../../include/grads.h:946: error: expected ‘=’, ‘,’, ‘;’, ‘asm’ or ‘__attribute__’ before ‘gaprow’
../../include/grads.h:947: error: expected ‘=’, ‘,’, ‘;’, ‘asm’ or ‘__attribute__’ before ‘gaopfn’
../../include/grads.h:948: error: expected ‘=’, ‘,’, ‘;’, ‘asm’ or ‘__attribute__’ before ‘gappcn’
../../include/grads.h:949: error: expected ‘)’ before ‘*’ token
../../include/grads.h:950: error: expected ‘)’ before ‘*’ token
../../include/grads.h:951: error: expected ‘)’ before ‘*’ token
../../include/grads.h:953: error: expected ‘=’, ‘,’, ‘;’, ‘asm’ or ‘__attribute__’ before ‘gancsetup’
../../include/grads.h:954: error: expected ‘=’, ‘,’, ‘;’, ‘asm’ or ‘__attribute__’ before ‘gancgrid’
../../include/grads.h:955: error: expected ‘=’, ‘,’, ‘;’, ‘asm’ or ‘__attribute__’ before ‘gancrow’
../../include/grads.h:956: error: expected ‘=’, ‘,’, ‘;’, ‘asm’ or ‘__attribute__’ before ‘gahrow’
../../include/grads.h:957: error: expected ‘=’, ‘,’, ‘;’, ‘asm’ or ‘__attribute__’ before ‘gah5row’
../../include/grads.h:958: error: expected ‘=’, ‘,’, ‘;’, ‘asm’ or ‘__attribute__’ before ‘gaopnc’
../../include/grads.h:959: error: expected ‘=’, ‘,’, ‘;’, ‘asm’ or ‘__attribute__’ before ‘gaclosenc’
../../include/grads.h:960: error: expected ‘=’, ‘,’, ‘;’, ‘asm’ or ‘__attribute__’ before ‘gaclosehdf’
../../include/grads.h:961: error: expected ‘=’, ‘,’, ‘;’, ‘asm’ or ‘__attribute__’ before ‘gacloseh5’
../../include/grads.h:962: error: expected ‘=’, ‘,’, ‘;’, ‘asm’ or ‘__attribute__’ before ‘gaophdf’
../../include/grads.h:963: error: expected ‘=’, ‘,’, ‘;’, ‘asm’ or ‘__attribute__’ before ‘gaoph5’
../../include/grads.h:964: error: expected ‘=’, ‘,’, ‘;’, ‘asm’ or ‘__attribute__’ before ‘h5setup’
../../include/grads.h:969: error: expected ‘=’, ‘,’, ‘;’, ‘asm’ or ‘__attribute__’ before ‘h5attr’
../../include/grads.h:970: error: expected ‘=’, ‘,’, ‘;’, ‘asm’ or ‘__attribute__’ before ‘hdfattr’
../../include/grads.h:971: error: expected ‘=’, ‘,’, ‘;’, ‘asm’ or ‘__attribute__’ before ‘ncpattrs’
../../include/grads.h:972: error: expected ‘=’, ‘,’, ‘;’, ‘asm’ or ‘__attribute__’ before ‘hdfpattrs’
../../include/grads.h:973: error: expected ‘=’, ‘,’, ‘;’, ‘asm’ or ‘__attribute__’ before ‘h5pattrs’
../../include/grads.h:1009: error: expected declaration specifiers or ‘...’ before ‘gadouble’
../../include/grads.h:1009: error: expected declaration specifiers or ‘...’ before ‘gadouble’
../../include/grads.h:1009: error: expected declaration specifiers or ‘...’ before ‘gaint’
../../include/grads.h:1009: error: expected declaration specifiers or ‘...’ before ‘gaint’
../../include/grads.h:1010: error: expected declaration specifiers or ‘...’ before ‘gaint’
../../include/grads.h:1011: error: expected declaration specifiers or ‘...’ before ‘gaint’
../../include/grads.h:1016: error: expected ‘)’ before ‘*’ token
../../include/grads.h:1017: error: expected ‘)’ before ‘*’ token
../../include/grads.h:1018: error: expected declaration specifiers or ‘...’ before ‘gaint’
../../include/grads.h:1021: error: expected declaration specifiers or ‘...’ before ‘gaint’
../../include/grads.h:1024: error: expected declaration specifiers or ‘...’ before ‘gaint’
../../include/grads.h:1025: error: expected declaration specifiers or ‘...’ before ‘gadouble’
../../include/grads.h:1026: error: expected declaration specifiers or ‘...’ before ‘gadouble’
../../include/grads.h:1026: error: expected declaration specifiers or ‘...’ before ‘gadouble’
../../include/grads.h:1026: error: expected declaration specifiers or ‘...’ before ‘gadouble’
../../include/grads.h:1026: error: expected declaration specifiers or ‘...’ before ‘gadouble’
../../include/grads.h:1026: error: expected declaration specifiers or ‘...’ before ‘gadouble’
../../include/grads.h:1026: error: expected declaration specifiers or ‘...’ before ‘gaint’
../../include/grads.h:1027: error: expected ‘=’, ‘,’, ‘;’, ‘asm’ or ‘__attribute__’ before ‘write_kml’
../../include/grads.h:1030: warning: parameter names (without types) in function declaration
../../include/grads.h:1033: error: expected declaration specifiers or ‘...’ before ‘gaint’
../../include/grads.h:1034: error: expected ‘)’ before ‘*’ token
../../include/grads.h:1035: error: expected ‘)’ before ‘struct’
../../include/grads.h:1036: error: expected ‘=’, ‘,’, ‘;’, ‘asm’ or ‘__attribute__’ before ‘galnch’
../../include/grads.h:1037: error: expected ‘=’, ‘,’, ‘;’, ‘asm’ or ‘__attribute__’ before ‘galtch’
../../include/grads.h:1038: error: expected ‘)’ before ‘*’ token
../../include/grads.h:1039: error: expected ‘)’ before ‘*’ token
../../include/grads.h:1040: error: expected ‘)’ before ‘*’ token
../../include/grads.h:1042: error: expected ‘=’, ‘,’, ‘;’, ‘asm’ or ‘__attribute__’ before ‘gatinc’
../../include/grads.h:1043: error: expected ‘)’ before ‘float’
../../include/grads.h:1045: error: expected declaration specifiers or ‘...’ before ‘gaint’
../../include/grads.h:1045: error: expected declaration specifiers or ‘...’ before ‘gaint’
../../include/grads.h:1050: warning: parameter names (without types) in function declaration
../../include/grads.h:1052: error: expected declaration specifiers or ‘...’ before ‘gadouble’
../../include/grads.h:1053: error: expected ‘=’, ‘,’, ‘;’, ‘asm’ or ‘__attribute__’ before ‘wndexit’
../../include/grads.h:1058: error: expected ‘)’ before ‘*’ token
../../include/grads.h:1059: warning: parameter names (without types) in function declaration
../../include/grads.h:1060: error: expected ‘)’ before ‘struct’
../../include/grads.h:1061: error: expected ‘)’ before ‘*’ token
../../include/grads.h:1062: error: expected ‘)’ before ‘*’ token
../../include/grads.h:1063: error: expected ‘)’ before ‘*’ token
../../include/grads.h:1064: error: expected ‘)’ before ‘*’ token
../../include/grads.h:1065: error: expected ‘)’ before ‘*’ token
../../include/grads.h:1066: error: expected ‘)’ before ‘*’ token
../../include/grads.h:1067: error: expected ‘)’ before ‘*’ token
../../include/grads.h:1068: error: expected ‘)’ before ‘*’ token
../../include/grads.h:1069: error: expected ‘)’ before ‘*’ token
../../include/grads.h:1070: error: expected ‘)’ before ‘*’ token
../../include/grads.h:1073: error: expected declaration specifiers or ‘...’ before ‘gaint’
../../include/grads.h:1073: error: expected declaration specifiers or ‘...’ before ‘gaint’
../../include/grads.h:1074: error: expected declaration specifiers or ‘...’ before ‘gadouble’
../../include/grads.h:1074: error: expected declaration specifiers or ‘...’ before ‘gadouble’
../../include/grads.h:1075: error: expected ‘=’, ‘,’, ‘;’, ‘asm’ or ‘__attribute__’ before ‘gashdc’
../../include/grads.h:1124: error: expected ‘=’, ‘,’, ‘;’, ‘asm’ or ‘__attribute__’ before ‘nxtcmd’
../../include/grads.h:1127: error: expected ‘=’, ‘,’, ‘;’, ‘asm’ or ‘__attribute__’ before ‘t2gr’
../../include/grads.h:1128: error: expected ‘)’ before ‘*’ token
../../include/grads.h:1129: error: expected ‘=’, ‘,’, ‘;’, ‘asm’ or ‘__attribute__’ before ‘timdif’
../../include/grads.h:1130: error: expected ‘=’, ‘,’, ‘;’, ‘asm’ or ‘__attribute__’ before ‘qleap’
../../include/grads.h:1133: error: expected ‘=’, ‘,’, ‘;’, ‘asm’ or ‘__attribute__’ before ‘cmpwrd’
../../include/grads.h:1134: error: expected ‘=’, ‘,’, ‘;’, ‘asm’ or ‘__attribute__’ before ‘cmpwrdl’
../../include/grads.h:1136: error: expected ‘=’, ‘,’, ‘;’, ‘asm’ or ‘__attribute__’ before ‘liconv’
../../include/grads.h:1137: error: expected ‘=’, ‘,’, ‘;’, ‘asm’ or ‘__attribute__’ before ‘gr2lev’
../../include/grads.h:1138: error: expected ‘=’, ‘,’, ‘;’, ‘asm’ or ‘__attribute__’ before ‘lev2gr’
../../include/grads.h:1139: error: expected declaration specifiers or ‘...’ before ‘gadouble’
../../include/grads.h:1140: error: expected declaration specifiers or ‘...’ before ‘gaint’
../../include/grads.h:1142: error: expected declaration specifiers or ‘...’ before ‘gadouble’
../../include/grads.h:1143: error: expected declaration specifiers or ‘...’ before ‘gafloat’
../../include/grads.h:1144: error: expected declaration specifiers or ‘...’ before ‘gaint’
../../include/grads.h:1144: error: expected declaration specifiers or ‘...’ before ‘gadouble’
../../include/grads.h:1144: error: expected declaration specifiers or ‘...’ before ‘gaint’
../../include/grads.h:1144: error: expected declaration specifiers or ‘...’ before ‘gaint’
../../include/grads.h:1147: error: expected declaration specifiers or ‘...’ before ‘gaint’
../../include/grads.h:1148: error: expected declaration specifiers or ‘...’ before ‘gaint’
../../include/grads.h:1151: error: expected ‘=’, ‘,’, ‘;’, ‘asm’ or ‘__attribute__’ before ‘garemb’
../../include/grads.h:1152: error: expected ‘=’, ‘,’, ‘;’, ‘asm’ or ‘__attribute__’ before ‘*’ token
../../include/grads.h:1153: error: expected ‘=’, ‘,’, ‘;’, ‘asm’ or ‘__attribute__’ before ‘*’ token
../../include/grads.h:1154: error: expected ‘=’, ‘,’, ‘;’, ‘asm’ or ‘__attribute__’ before ‘*’ token
../../include/grads.h:1155: error: expected ‘=’, ‘,’, ‘;’, ‘asm’ or ‘__attribute__’ before ‘*’ token
../../include/grads.h:1156: error: expected ‘=’, ‘,’, ‘;’, ‘asm’ or ‘__attribute__’ before ‘*’ token
../../include/grads.h:1157: error: expected ‘=’, ‘,’, ‘;’, ‘asm’ or ‘__attribute__’ before ‘*’ token
../../include/grads.h:1158: error: expected ‘=’, ‘,’, ‘;’, ‘asm’ or ‘__attribute__’ before ‘gat2ch’
../../include/grads.h:1159: error: expected ‘=’, ‘,’, ‘;’, ‘asm’ or ‘__attribute__’ before ‘cmpch’
../../include/grads.h:1164: error: expected ‘=’, ‘,’, ‘;’, ‘asm’ or ‘__attribute__’ before ‘gagbb’
../../include/grads.h:1165: error: expected ‘=’, ‘,’, ‘;’, ‘asm’ or ‘__attribute__’ before ‘gagby’
../../include/grads.h:1166: error: expected ‘)’ before ‘unsigned’
../../include/grads.h:1167: error: expected ‘)’ before ‘unsigned’
../../include/grads.h:1168: error: expected declaration specifiers or ‘...’ before ‘gadouble’
../../include/grads.h:1169: error: expected declaration specifiers or ‘...’ before ‘gaint’
../../include/grads.h:1169: error: expected declaration specifiers or ‘...’ before ‘gaint’
../../include/grads.h:1169: error: expected declaration specifiers or ‘...’ before ‘gaint’
../../include/grads.h:1170: error: expected declaration specifiers or ‘...’ before ‘gaint’
../../include/grads.h:1171: error: expected declaration specifiers or ‘...’ before ‘gaint’
../../include/grads.h:1173: error: expected ‘=’, ‘,’, ‘;’, ‘asm’ or ‘__attribute__’ before ‘dayweek’
../../include/grads.h:1174: error: expected ‘=’, ‘,’, ‘;’, ‘asm’ or ‘__attribute__’ before ‘wrdlen’
../../include/grads.h:1175: error: expected declaration specifiers or ‘...’ before ‘gaint’
../../include/grads.h:1177: error: expected ‘=’, ‘,’, ‘;’, ‘asm’ or ‘__attribute__’ before ‘flt2ibm’
../../include/grads.h:1178: error: expected ‘=’, ‘,’, ‘;’, ‘asm’ or ‘__attribute__’ before ‘ibm2flt’
../../include/grads.h:1179: error: expected ‘=’, ‘,’, ‘;’, ‘asm’ or ‘__attribute__’ before ‘ieee2flt’
../../include/grads.h:1180: error: expected ‘=’, ‘,’, ‘;’, ‘asm’ or ‘__attribute__’ before ‘ieee2dbl’
../../include/grads.h:1181: error: expected ‘=’, ‘,’, ‘;’, ‘asm’ or ‘__attribute__’ before ‘flt2ieee’
../../include/grads.h:1182: error: expected ‘=’, ‘,’, ‘;’, ‘asm’ or ‘__attribute__’ before ‘scaled2dbl’
../../include/grads.h:1183: error: expected ‘=’, ‘,’, ‘;’, ‘asm’ or ‘__attribute__’ before ‘Int_Power’
../../include/grads.h:1185: error: expected ‘=’, ‘,’, ‘;’, ‘asm’ or ‘__attribute__’ before ‘*’ token
../../include/grads.h:1186: error: expected ‘=’, ‘,’, ‘;’, ‘asm’ or ‘__attribute__’ before ‘getvnm’
../../include/grads.h:1187: error: expected ‘=’, ‘,’, ‘;’, ‘asm’ or ‘__attribute__’ before ‘getenm’
../../include/grads.h:1188: error: expected ‘=’, ‘,’, ‘;’, ‘asm’ or ‘__attribute__’ before ‘dequal’
../../include/grads.h:1189: error: expected ‘=’, ‘,’, ‘;’, ‘asm’ or ‘__attribute__’ before ‘nxrdln’
../../include/grads.h:1193: error: expected declaration specifiers or ‘...’ before ‘gaint’
../../include/grads.h:1193: error: expected declaration specifiers or ‘...’ before ‘gaint’
../../include/grads.h:1209: error: expected ‘)’ before ‘*’ token
../../include/grads.h:1210: error: expected ‘=’, ‘,’, ‘;’, ‘asm’ or ‘__attribute__’ before ‘getbufr’
../../include/grads.h:1215: warning: parameter names (without types) in function declaration
../../include/grads.h:1217: error: expected ‘=’, ‘,’, ‘;’, ‘asm’ or ‘__attribute__’ before ‘gxhpng’
cdunifgrads.c: In function ‘cuopenread_grads’:
cdunifgrads.c:177: error: ‘struct gafile’ has no member named ‘vnum’
cdunifgrads.c:214: error: ‘struct gafile’ has no member named ‘grvals’
cdunifgrads.c:250: error: ‘struct gafile’ has no member named ‘dnum’
cdunifgrads.c:258: error: ‘struct gafile’ has no member named ‘dnum’
cdunifgrads.c:266: error: ‘struct gafile’ has no member named ‘dnum’
cdunifgrads.c:274: error: ‘struct gafile’ has no member named ‘dnum’
cdunifgrads.c:295: error: ‘struct gafile’ has no member named ‘pvar1’
cdunifgrads.c:306: error: ‘struct gavar’ has no member named ‘levels’
cdunifgrads.c:323: error: ‘struct gafile’ has no member named ‘undef’
cdunifgrads.c:340: error: ‘struct gavar’ has no member named ‘levels’
cdunifgrads.c:350: error: ‘struct gavar’ has no member named ‘levels’
cdunifgrads.c:350: error: ‘struct gafile’ has no member named ‘dnum’
cdunifgrads.c:357: error: ‘struct gavar’ has no member named ‘levels’
cdunifgrads.c: In function ‘cuclose_grads’:
cdunifgrads.c:383: error: ‘struct gafile’ has no member named ‘infile’
cdunifgrads.c:384: error: ‘struct gafile’ has no member named ‘infile’
cdunifgrads.c:385: error: ‘struct gafile’ has no member named ‘infile’
cdunifgrads.c:388: error: too many arguments to function ‘frepfi’
cdunifgrads.c: In function ‘cudimget_grads’:
cdunifgrads.c:417: error: ‘struct gafile’ has no member named ‘grvals’
cdunifgrads.c:429: error: ‘struct gafile’ has no member named ‘linear’
cdunifgrads.c:431: error: ‘struct gafile’ has no member named ‘abvals’
cdunifgrads.c:435: error: ‘struct gafile’ has no member named ‘grvals’
cdunifgrads.c:435: error: ‘struct gafile’ has no member named ‘grvals’
cdunifgrads.c:444: error: ‘struct gafile’ has no member named ‘linear’
cdunifgrads.c:446: error: ‘struct gafile’ has no member named ‘abvals’
cdunifgrads.c:450: error: ‘struct gafile’ has no member named ‘grvals’
cdunifgrads.c:450: error: ‘struct gafile’ has no member named ‘grvals’
cdunifgrads.c:461: error: ‘struct gafile’ has no member named ‘linear’
cdunifgrads.c:463: error: ‘struct gafile’ has no member named ‘abvals’
cdunifgrads.c:467: error: ‘struct gafile’ has no member named ‘grvals’
cdunifgrads.c:467: error: ‘struct gafile’ has no member named ‘grvals’
cdunifgrads.c:477: error: ‘struct gafile’ has no member named ‘linear’
cdunifgrads.c:479: error: ‘struct gafile’ has no member named ‘abvals’
cdunifgrads.c:483: error: ‘struct gafile’ has no member named ‘grvals’
cdunifgrads.c:483: error: ‘struct gafile’ has no member named ‘grvals’
cdunifgrads.c: In function ‘grads_varget’:
cdunifgrads.c:615: error: ‘struct gafile’ has no member named ‘tmplat’
cdunifgrads.c:615: error: ‘struct gafile’ has no member named ‘infile’
cdunifgrads.c:619: error: ‘struct gafile’ has no member named ‘dnam’
cdunifgrads.c:619: error: ‘struct gafile’ has no member named ‘name’
cdunifgrads.c:621: error: ‘struct gafile’ has no member named ‘name’
cdunifgrads.c:622: error: ‘struct gafile’ has no member named ‘name’
cdunifgrads.c:622: error: ‘struct gafile’ has no member named ‘dnam’
cdunifgrads.c:624: error: ‘struct gafile’ has no member named ‘infile’
cdunifgrads.c:624: error: ‘struct gafile’ has no member named ‘name’
cdunifgrads.c:625: error: ‘struct gafile’ has no member named ‘infile’
cdunifgrads.c:628: error: ‘struct gafile’ has no member named ‘name’
cdunifgrads.c:635: error: ‘struct gagrid’ has no member named ‘undef’
cdunifgrads.c:635: error: ‘struct gafile’ has no member named ‘undef’
cdunifgrads.c:636: error: ‘struct gagrid’ has no member named ‘idim’
cdunifgrads.c:637: error: ‘struct gagrid’ has no member named ‘jdim’
cdunifgrads.c:638: error: ‘struct gagrid’ has no member named ‘alocf’
cdunifgrads.c:641: error: ‘struct gagrid’ has no member named ‘dimmin’
cdunifgrads.c:642: error: ‘struct gagrid’ has no member named ‘dimmax’
cdunifgrads.c:645: error: ‘struct gagrid’ has no member named ‘rmin’
cdunifgrads.c:646: error: ‘struct gagrid’ has no member named ‘rmax’
cdunifgrads.c:647: error: ‘struct gagrid’ has no member named ‘grid’
cdunifgrads.c:647: error: ‘struct gagrid’ has no member named ‘rmin’
cdunifgrads.c:649: error: ‘struct gagrid’ has no member named ‘isiz’
cdunifgrads.c:650: error: ‘struct gagrid’ has no member named ‘jsiz’
cdunifgrads.c:651: error: ‘struct gagrid’ has no member named ‘exprsn’
cdunifgrads.c:653: error: ‘struct gagrid’ has no member named ‘pvar’
cdunifgrads.c:653: error: ‘struct gafile’ has no member named ‘pvar1’
cdunifgrads.c:654: error: ‘struct gagrid’ has no member named ‘pvar’
cdunifgrads.c:657: error: ‘struct gagrid’ has no member named ‘isiz’
cdunifgrads.c:657: error: ‘struct gagrid’ has no member named ‘jsiz’
cdunifgrads.c:661: error: ‘struct gagrid’ has no member named ‘grid’
cdunifgrads.c:666: error: ‘struct gagrid’ has no member named ‘grid’
make: *** [cdunifgrads.o] Error 1
